<?xml version="1.0" encoding="UTF-8"?>
<!-- Generated by org.testng.reporters.JUnitXMLReporter -->
<testsuite ignored="0" hostname="DhruvPrajapati" failures="0" tests="3" name="Test" time="43.767" errors="0" timestamp="2025-09-24T13:03:06 IST">
  <testcase classname="tc_Tr.Forums_Tr" name="logInDetails" time="9.646"/>
  <testcase classname="tc_Tr.Forums_Tr" name="followCategory" time="23.956"/>
  <testcase classname="tc_Tr.Forums_Tr" name="subScribeNewsLetter" time="1.367"/>
</testsuite> <!-- Test -->
