<?xml version="1.0" encoding="UTF-8"?>
<!-- Generated by org.testng.reporters.JUnitXMLReporter -->
<testsuite ignored="0" hostname="DhruvPrajapati" failures="0" tests="3" name="Test" time="46.854" errors="0" timestamp="2025-10-29T17:56:58 IST">
  <testcase classname="tc_Tr.Blogs_Tr" name="logInDetails" time="15.819"/>
  <testcase classname="tc_Tr.Blogs_Tr" name="sortByNewestToOldest" time="17.589"/>
  <testcase classname="tc_Tr.Blogs_Tr" name="selectCategoryFilter" time="8.458"/>
</testsuite> <!-- Test -->
