<?xml version="1.0" encoding="UTF-8"?>
<!-- Generated by org.testng.reporters.JUnitXMLReporter -->
<testsuite ignored="0" hostname="DhruvPrajapati" failures="0" tests="4" name="Test" time="45.173" errors="0" timestamp="2025-11-04T18:06:28 IST">
  <testcase classname="tc_Tr.ResetPassword_Tr" name="logInDetails" time="5.709"/>
  <testcase classname="tc_Tr.ResetPassword_Tr" name="resetPassword" time="28.683"/>
  <testcase classname="tc_Tr.ResetPassword_Tr" name="logout" time="3.259"/>
  <testcase classname="tc_Tr.ResetPassword_Tr" name="logInAfterResetPassword" time="3.975"/>
</testsuite> <!-- Test -->
