<?xml version="1.0" encoding="UTF-8"?>
<!-- Generated by org.testng.reporters.JUnitXMLReporter -->
<testsuite ignored="0" hostname="DhruvPrajapati" failures="0" tests="5" name="Test" time="99.507" errors="0" timestamp="2025-12-01T17:39:51 IST">
  <testcase classname="tc_Tr.DataProviderUtility_Tr" name="logInTR" time="20.205"/>
  <testcase classname="tc_Tr.DataProviderUtility_Tr" name="logInTR" time="20.286"/>
  <testcase classname="tc_Tr.DataProviderUtility_Tr" name="logInTR" time="16.443"/>
  <testcase classname="tc_Tr.DataProviderUtility_Tr" name="logInTR" time="20.191"/>
  <testcase classname="tc_Tr.DataProviderUtility_Tr" name="logInTR" time="16.467"/>
</testsuite> <!-- Test -->
