<?xml version="1.0" encoding="UTF-8"?>
<!-- Generated by org.testng.reporters.JUnitXMLReporter -->
<testsuite ignored="0" hostname="DhruvPrajapati" failures="1" tests="3" name="Test" time="51.242" errors="0" timestamp="2025-09-19T11:20:24 IST">
  <testcase classname="tc_Tr.Forums_Tr" name="logInDetails" time="9.504"/>
  <testcase classname="tc_Tr.Forums_Tr" name="followCategory" time="25.323"/>
  <testcase classname="tc_Tr.Forums_Tr" name="categoryFilter" time="6.146">
    <failure type="java.lang.AssertionError" message="It is failed due to:element click intercepted: Element is not clickable at point (1005, -48)
  (Session info: chrome=140.0.7339.128)
Build info: version: &amp;apos;4.32.0&amp;apos;, revision: &amp;apos;d17c8aa950&amp;apos;
System info: os.name: &amp;apos;Windows 11&amp;apos;, os.arch: &amp;apos;amd64&amp;apos;, os.version: &amp;apos;10.0&amp;apos;, java.version: &amp;apos;21.0.7&amp;apos;
Driver info: org.openqa.selenium.chrome.ChromeDriver
Command: [89b80ef48870ea5970236f93b40f32f3, clickElement {id=f.E2B3B6884E99583D1B7C75B4B916A92D.d.D2DD155DA93597E07D6E5288684DAB3A.e.166}]
Capabilities {acceptInsecureCerts: false, browserName: chrome, browserVersion: 140.0.7339.128, chrome: {chromedriverVersion: 140.0.7339.185 (eeea00e459e..., userDataDir: C:\Users\INX\AppData\Local\...}, fedcm:accounts: true, goog:chromeOptions: {debuggerAddress: localhost:52634}, networkConnectionEnabled: false, pageLoadStrategy: normal, platformName: windows, proxy: Proxy(), se:cdp: ws://localhost:52634/devtoo..., se:cdpVersion: 140.0.7339.128, setWindowRect: true, strictFileInteractability: false, timeouts: {implicit: 0, pageLoad: 300000, script: 30000}, unhandledPromptBehavior: dismiss and notify, webauthn:extension:credBlob: true, webauthn:extension:largeBlob: true, webauthn:extension:minPinLength: true, webauthn:extension:prf: true, webauthn:virtualAuthenticators: true}
Element: [[ChromeDriver: chrome on windows (89b80ef48870ea5970236f93b40f32f3)] -&amp;gt; xpath: //a[normalize-space()=&amp;apos;Forum&amp;apos;]]
Session ID: 89b80ef48870ea5970236f93b40f32f3">
      <![CDATA[java.lang.AssertionError: It is failed due to:element click intercepted: Element is not clickable at point (1005, -48)
  (Session info: chrome=140.0.7339.128)
Build info: version: '4.32.0', revision: 'd17c8aa950'
System info: os.name: 'Windows 11', os.arch: 'amd64', os.version: '10.0', java.version: '21.0.7'
Driver info: org.openqa.selenium.chrome.ChromeDriver
Command: [89b80ef48870ea5970236f93b40f32f3, clickElement {id=f.E2B3B6884E99583D1B7C75B4B916A92D.d.D2DD155DA93597E07D6E5288684DAB3A.e.166}]
Capabilities {acceptInsecureCerts: false, browserName: chrome, browserVersion: 140.0.7339.128, chrome: {chromedriverVersion: 140.0.7339.185 (eeea00e459e..., userDataDir: C:\Users\INX\AppData\Local\...}, fedcm:accounts: true, goog:chromeOptions: {debuggerAddress: localhost:52634}, networkConnectionEnabled: false, pageLoadStrategy: normal, platformName: windows, proxy: Proxy(), se:cdp: ws://localhost:52634/devtoo..., se:cdpVersion: 140.0.7339.128, setWindowRect: true, strictFileInteractability: false, timeouts: {implicit: 0, pageLoad: 300000, script: 30000}, unhandledPromptBehavior: dismiss and notify, webauthn:extension:credBlob: true, webauthn:extension:largeBlob: true, webauthn:extension:minPinLength: true, webauthn:extension:prf: true, webauthn:virtualAuthenticators: true}
Element: [[ChromeDriver: chrome on windows (89b80ef48870ea5970236f93b40f32f3)] -> xpath: //a[normalize-space()='Forum']]
Session ID: 89b80ef48870ea5970236f93b40f32f3
at tc_Tr.Forums_Tr.categoryFilter(Forums_Tr.java:368)
at java.base/java.util.ArrayList.forEach(ArrayList.java:1596)
... Removed 26 stack frames]]>
    </failure>
  </testcase> <!-- categoryFilter -->
</testsuite> <!-- Test -->
