<?xml version="1.0" encoding="UTF-8"?>
<testng-results ignored="0" total="2" passed="2" failed="0" skipped="0">
  <reporter-output>
  </reporter-output>
  <suite started-at="2025-11-28T16:10:46 IST" name="Suite" finished-at="2025-11-28T16:11:11 IST" duration-ms="25365">
    <groups>
    </groups>
    <test started-at="2025-11-28T16:10:46 IST" name="Test" finished-at="2025-11-28T16:11:11 IST" duration-ms="25365">
      <class name="tc_Tr.UserProfile_Tr">
        <test-method is-config="true" signature="signUp(java.lang.String)[pri:0, instance:tc_Tr.UserProfile_Tr@5c10f1c3]" started-at="2025-11-28T16:10:46 IST" name="signUp" finished-at="2025-11-28T16:10:49 IST" duration-ms="3495" status="PASS">
          <params>
            <param index="0">
              <value>
                <![CDATA[chrome]]>
              </value>
            </param>
          </params>
          <reporter-output>
          </reporter-output>
        </test-method> <!-- signUp -->
        <test-method signature="logInDetails()[pri:0, instance:tc_Tr.UserProfile_Tr@5c10f1c3]" started-at="2025-11-28T16:10:49 IST" name="logInDetails" finished-at="2025-11-28T16:11:02 IST" duration-ms="12632" status="PASS">
          <reporter-output>
          </reporter-output>
        </test-method> <!-- logInDetails -->
        <test-method signature="changeProfileImage()[pri:4, instance:tc_Tr.UserProfile_Tr@5c10f1c3]" started-at="2025-11-28T16:11:02 IST" name="changeProfileImage" finished-at="2025-11-28T16:11:11 IST" duration-ms="8923" status="PASS">
          <reporter-output>
          </reporter-output>
        </test-method> <!-- changeProfileImage -->
      </class> <!-- tc_Tr.UserProfile_Tr -->
    </test> <!-- Test -->
  </suite> <!-- Suite -->
</testng-results>
