<?xml version="1.0" encoding="UTF-8"?>
<testng-results ignored="0" total="2" passed="2" failed="0" skipped="0">
  <reporter-output>
  </reporter-output>
  <suite started-at="2025-09-10T16:28:01 IST" name="Suite" finished-at="2025-09-10T16:28:53 IST" duration-ms="51643">
    <groups>
    </groups>
    <test started-at="2025-09-10T16:28:01 IST" name="Test" finished-at="2025-09-10T16:28:53 IST" duration-ms="51643">
      <class name="tc_Tr.Forums_Tr">
        <test-method is-config="true" signature="signUp(java.lang.String)[pri:0, instance:tc_Tr.Forums_Tr@78365cfa]" started-at="2025-09-10T16:28:01 IST" name="signUp" finished-at="2025-09-10T16:28:13 IST" duration-ms="11249" status="PASS">
          <params>
            <param index="0">
              <value>
                <![CDATA[chrome]]>
              </value>
            </param>
          </params>
          <reporter-output>
          </reporter-output>
        </test-method> <!-- signUp -->
        <test-method signature="logInDetails()[pri:1, instance:tc_Tr.Forums_Tr@78365cfa]" started-at="2025-09-10T16:28:13 IST" name="logInDetails" finished-at="2025-09-10T16:28:22 IST" duration-ms="9761" status="PASS">
          <reporter-output>
          </reporter-output>
        </test-method> <!-- logInDetails -->
        <test-method signature="searchedndClickForum()[pri:3, instance:tc_Tr.Forums_Tr@78365cfa]" started-at="2025-09-10T16:28:22 IST" name="searchedndClickForum" finished-at="2025-09-10T16:28:53 IST" depends-on-methods="tc_Tr.Forums_Tr.logInDetails" duration-ms="30231" status="PASS">
          <reporter-output>
          </reporter-output>
        </test-method> <!-- searchedndClickForum -->
      </class> <!-- tc_Tr.Forums_Tr -->
    </test> <!-- Test -->
  </suite> <!-- Suite -->
</testng-results>
