<?xml version="1.0" encoding="UTF-8"?>
<testng-results ignored="0" total="2" passed="2" failed="0" skipped="0">
  <reporter-output>
  </reporter-output>
  <suite started-at="2025-09-12T17:18:16 IST" name="Suite" finished-at="2025-09-12T17:18:50 IST" duration-ms="33724">
    <groups>
    </groups>
    <test started-at="2025-09-12T17:18:16 IST" name="Test" finished-at="2025-09-12T17:18:50 IST" duration-ms="33724">
      <class name="tc_Tr.Forums_Tr">
        <test-method is-config="true" signature="signUp(java.lang.String)[pri:0, instance:tc_Tr.Forums_Tr@78365cfa]" started-at="2025-09-12T17:18:17 IST" name="signUp" finished-at="2025-09-12T17:18:24 IST" duration-ms="7579" status="PASS">
          <params>
            <param index="0">
              <value>
                <![CDATA[chrome]]>
              </value>
            </param>
          </params>
          <reporter-output>
          </reporter-output>
        </test-method> <!-- signUp -->
        <test-method signature="logInDetails()[pri:1, instance:tc_Tr.Forums_Tr@78365cfa]" started-at="2025-09-12T17:18:24 IST" name="logInDetails" finished-at="2025-09-12T17:18:34 IST" duration-ms="9420" status="PASS">
          <reporter-output>
          </reporter-output>
        </test-method> <!-- logInDetails -->
        <test-method signature="searchedAndDelete()[pri:3, instance:tc_Tr.Forums_Tr@78365cfa]" started-at="2025-09-12T17:18:34 IST" name="searchedAndDelete" finished-at="2025-09-12T17:18:50 IST" depends-on-methods="tc_Tr.Forums_Tr.logInDetails" duration-ms="16409" status="PASS">
          <reporter-output>
          </reporter-output>
        </test-method> <!-- searchedAndDelete -->
      </class> <!-- tc_Tr.Forums_Tr -->
    </test> <!-- Test -->
  </suite> <!-- Suite -->
</testng-results>
