<?xml version="1.0" encoding="UTF-8"?>
<testng-results ignored="0" total="2" passed="2" failed="0" skipped="0">
  <reporter-output>
  </reporter-output>
  <suite started-at="2025-10-30T12:02:18 IST" name="Suite" finished-at="2025-10-30T12:03:18 IST" duration-ms="59507">
    <groups>
    </groups>
    <test started-at="2025-10-30T12:02:18 IST" name="Test" finished-at="2025-10-30T12:03:18 IST" duration-ms="59507">
      <class name="tc_Tr.Blogs_Tr">
        <test-method is-config="true" signature="signUp(java.lang.String)[pri:0, instance:tc_Tr.Blogs_Tr@78365cfa]" started-at="2025-10-30T12:02:18 IST" name="signUp" finished-at="2025-10-30T12:02:27 IST" duration-ms="9140" status="PASS">
          <params>
            <param index="0">
              <value>
                <![CDATA[chrome]]>
              </value>
            </param>
          </params>
          <reporter-output>
          </reporter-output>
        </test-method> <!-- signUp -->
        <test-method signature="logInDetails()[pri:1, instance:tc_Tr.Blogs_Tr@78365cfa]" started-at="2025-10-30T12:02:27 IST" name="logInDetails" finished-at="2025-10-30T12:02:43 IST" duration-ms="15587" status="PASS">
          <reporter-output>
          </reporter-output>
        </test-method> <!-- logInDetails -->
        <test-method signature="searchedandCommentBlog()[pri:7, instance:tc_Tr.Blogs_Tr@78365cfa]" started-at="2025-10-30T12:02:43 IST" name="searchedandCommentBlog" finished-at="2025-10-30T12:03:18 IST" depends-on-methods="tc_Tr.Blogs_Tr.logInDetails" duration-ms="34460" status="PASS">
          <reporter-output>
          </reporter-output>
        </test-method> <!-- searchedandCommentBlog -->
      </class> <!-- tc_Tr.Blogs_Tr -->
    </test> <!-- Test -->
  </suite> <!-- Suite -->
</testng-results>
