<?xml version="1.0" encoding="UTF-8"?>
<testng-results ignored="0" total="2" passed="2" failed="0" skipped="0">
  <reporter-output>
  </reporter-output>
  <suite started-at="2025-11-06T16:18:21 IST" name="Suite" finished-at="2025-11-06T16:19:31 IST" duration-ms="70001">
    <groups>
    </groups>
    <test started-at="2025-11-06T16:18:21 IST" name="Test" finished-at="2025-11-06T16:19:31 IST" duration-ms="70001">
      <class name="tc_Tr.EditAddress_Tr">
        <test-method is-config="true" signature="signUp(java.lang.String)[pri:0, instance:tc_Tr.EditAddress_Tr@78365cfa]" started-at="2025-11-06T16:18:22 IST" name="signUp" finished-at="2025-11-06T16:18:25 IST" duration-ms="3543" status="PASS">
          <params>
            <param index="0">
              <value>
                <![CDATA[chrome]]>
              </value>
            </param>
          </params>
          <reporter-output>
          </reporter-output>
        </test-method> <!-- signUp -->
        <test-method signature="logInDetails()[pri:1, instance:tc_Tr.EditAddress_Tr@78365cfa]" started-at="2025-11-06T16:18:25 IST" name="logInDetails" finished-at="2025-11-06T16:18:27 IST" duration-ms="1421" status="PASS">
          <reporter-output>
          </reporter-output>
        </test-method> <!-- logInDetails -->
        <test-method signature="changeAddress()[pri:2, instance:tc_Tr.EditAddress_Tr@78365cfa]" started-at="2025-11-06T16:18:27 IST" name="changeAddress" finished-at="2025-11-06T16:19:31 IST" depends-on-methods="tc_Tr.EditAddress_Tr.logInDetails" duration-ms="64715" status="PASS">
          <reporter-output>
          </reporter-output>
        </test-method> <!-- changeAddress -->
      </class> <!-- tc_Tr.EditAddress_Tr -->
    </test> <!-- Test -->
  </suite> <!-- Suite -->
</testng-results>
