<?xml version="1.0" encoding="UTF-8"?>
<testng-results ignored="0" total="3" passed="3" failed="0" skipped="0">
  <reporter-output>
  </reporter-output>
  <suite started-at="2025-10-29T17:56:09 IST" name="Suite" finished-at="2025-10-29T17:56:56 IST" duration-ms="46854">
    <groups>
    </groups>
    <test started-at="2025-10-29T17:56:09 IST" name="Test" finished-at="2025-10-29T17:56:56 IST" duration-ms="46854">
      <class name="tc_Tr.Blogs_Tr">
        <test-method is-config="true" signature="signUp(java.lang.String)[pri:0, instance:tc_Tr.Blogs_Tr@78365cfa]" started-at="2025-10-29T17:56:09 IST" name="signUp" finished-at="2025-10-29T17:56:14 IST" duration-ms="4492" status="PASS">
          <params>
            <param index="0">
              <value>
                <![CDATA[chrome]]>
              </value>
            </param>
          </params>
          <reporter-output>
          </reporter-output>
        </test-method> <!-- signUp -->
        <test-method signature="logInDetails()[pri:1, instance:tc_Tr.Blogs_Tr@78365cfa]" started-at="2025-10-29T17:56:14 IST" name="logInDetails" finished-at="2025-10-29T17:56:30 IST" duration-ms="15819" status="PASS">
          <reporter-output>
          </reporter-output>
        </test-method> <!-- logInDetails -->
        <test-method signature="sortByNewestToOldest()[pri:10, instance:tc_Tr.Blogs_Tr@78365cfa]" started-at="2025-10-29T17:56:30 IST" name="sortByNewestToOldest" finished-at="2025-10-29T17:56:47 IST" depends-on-methods="tc_Tr.Blogs_Tr.logInDetails" duration-ms="17589" status="PASS">
          <reporter-output>
          </reporter-output>
        </test-method> <!-- sortByNewestToOldest -->
        <test-method signature="selectCategoryFilter()[pri:11, instance:tc_Tr.Blogs_Tr@78365cfa]" started-at="2025-10-29T17:56:47 IST" name="selectCategoryFilter" finished-at="2025-10-29T17:56:56 IST" depends-on-methods="tc_Tr.Blogs_Tr.logInDetails" duration-ms="8458" status="PASS">
          <reporter-output>
          </reporter-output>
        </test-method> <!-- selectCategoryFilter -->
      </class> <!-- tc_Tr.Blogs_Tr -->
    </test> <!-- Test -->
  </suite> <!-- Suite -->
</testng-results>
