<?xml version="1.0" encoding="UTF-8"?>
<testng-results ignored="0" total="2" passed="2" failed="0" skipped="0">
  <reporter-output>
  </reporter-output>
  <suite started-at="2025-08-27T17:52:07 IST" name="Suite" finished-at="2025-08-27T17:52:40 IST" duration-ms="32475">
    <groups>
    </groups>
    <test started-at="2025-08-27T17:52:07 IST" name="Test" finished-at="2025-08-27T17:52:40 IST" duration-ms="32475">
      <class name="tc_Tr.ContactUs_Tr">
        <test-method is-config="true" signature="signUp(java.lang.String)[pri:0, instance:tc_Tr.ContactUs_Tr@78365cfa]" started-at="2025-08-27T17:52:08 IST" name="signUp" finished-at="2025-08-27T17:52:16 IST" duration-ms="8570" status="PASS">
          <params>
            <param index="0">
              <value>
                <![CDATA[chrome]]>
              </value>
            </param>
          </params>
          <reporter-output>
          </reporter-output>
        </test-method> <!-- signUp -->
        <test-method signature="logInDetails()[pri:1, instance:tc_Tr.ContactUs_Tr@78365cfa]" started-at="2025-08-27T17:52:16 IST" name="logInDetails" finished-at="2025-08-27T17:52:26 IST" duration-ms="9573" status="PASS">
          <reporter-output>
          </reporter-output>
        </test-method> <!-- logInDetails -->
        <test-method signature="contactUs()[pri:2, instance:tc_Tr.ContactUs_Tr@78365cfa]" started-at="2025-08-27T17:52:26 IST" name="contactUs" finished-at="2025-08-27T17:52:40 IST" depends-on-methods="tc_Tr.ContactUs_Tr.logInDetails" duration-ms="14008" status="PASS">
          <reporter-output>
          </reporter-output>
        </test-method> <!-- contactUs -->
      </class> <!-- tc_Tr.ContactUs_Tr -->
    </test> <!-- Test -->
  </suite> <!-- Suite -->
</testng-results>
