<?xml version="1.0" encoding="UTF-8"?>
<testng-results ignored="0" total="2" passed="2" failed="0" skipped="0">
  <reporter-output>
  </reporter-output>
  <suite started-at="2025-08-29T17:31:08 IST" name="Suite" finished-at="2025-08-29T17:31:34 IST" duration-ms="25653">
    <groups>
    </groups>
    <test started-at="2025-08-29T17:31:08 IST" name="Test" finished-at="2025-08-29T17:31:34 IST" duration-ms="25653">
      <class name="tc_Tr.ResetPassword_Tr">
        <test-method is-config="true" signature="signUp(java.lang.String)[pri:0, instance:tc_Tr.ResetPassword_Tr@64a8c844]" started-at="2025-08-29T17:31:08 IST" name="signUp" finished-at="2025-08-29T17:31:19 IST" duration-ms="10871" status="PASS">
          <params>
            <param index="0">
              <value>
                <![CDATA[chrome]]>
              </value>
            </param>
          </params>
          <reporter-output>
          </reporter-output>
        </test-method> <!-- signUp -->
        <test-method signature="logInDetails()[pri:1, instance:tc_Tr.ResetPassword_Tr@64a8c844]" started-at="2025-08-29T17:31:19 IST" name="logInDetails" finished-at="2025-08-29T17:31:24 IST" duration-ms="5151" status="PASS">
          <reporter-output>
          </reporter-output>
        </test-method> <!-- logInDetails -->
        <test-method signature="resetPassword()[pri:2, instance:tc_Tr.ResetPassword_Tr@64a8c844]" started-at="2025-08-29T17:31:24 IST" name="resetPassword" finished-at="2025-08-29T17:31:34 IST" depends-on-methods="tc_Tr.ResetPassword_Tr.logInDetails" duration-ms="9283" status="PASS">
          <reporter-output>
          </reporter-output>
        </test-method> <!-- resetPassword -->
      </class> <!-- tc_Tr.ResetPassword_Tr -->
    </test> <!-- Test -->
  </suite> <!-- Suite -->
</testng-results>
