<?xml version="1.0" encoding="UTF-8"?>
<testng-results ignored="0" total="2" passed="2" failed="0" skipped="0">
  <reporter-output>
  </reporter-output>
  <suite started-at="2025-11-27T11:28:52 IST" name="Suite" finished-at="2025-11-27T11:30:00 IST" duration-ms="67563">
    <groups>
    </groups>
    <test started-at="2025-11-27T11:28:52 IST" name="Test" finished-at="2025-11-27T11:30:00 IST" duration-ms="67563">
      <class name="tc_Tr.EditAddress_Tr">
        <test-method is-config="true" signature="signUp(java.lang.String)[pri:0, instance:tc_Tr.EditAddress_Tr@78365cfa]" started-at="2025-11-27T11:28:52 IST" name="signUp" finished-at="2025-11-27T11:28:56 IST" duration-ms="3271" status="PASS">
          <params>
            <param index="0">
              <value>
                <![CDATA[chrome]]>
              </value>
            </param>
          </params>
          <reporter-output>
          </reporter-output>
        </test-method> <!-- signUp -->
        <test-method signature="logInDetails()[pri:0, instance:tc_Tr.EditAddress_Tr@78365cfa]" started-at="2025-11-27T11:28:56 IST" name="logInDetails" finished-at="2025-11-27T11:29:05 IST" duration-ms="9802" status="PASS">
          <reporter-output>
          </reporter-output>
        </test-method> <!-- logInDetails -->
        <test-method signature="addAddress()[pri:3, instance:tc_Tr.EditAddress_Tr@78365cfa]" started-at="2025-11-27T11:29:06 IST" name="addAddress" finished-at="2025-11-27T11:30:00 IST" depends-on-methods="tc_Tr.EditAddress_Tr.logInDetails" duration-ms="54088" status="PASS">
          <reporter-output>
          </reporter-output>
        </test-method> <!-- addAddress -->
      </class> <!-- tc_Tr.EditAddress_Tr -->
    </test> <!-- Test -->
  </suite> <!-- Suite -->
</testng-results>
