<?xml version="1.0" encoding="UTF-8"?>
<testng-results ignored="0" total="2" passed="2" failed="0" skipped="0">
  <reporter-output>
  </reporter-output>
  <suite started-at="2025-09-04T17:38:50 IST" name="Suite" finished-at="2025-09-04T17:39:34 IST" duration-ms="44486">
    <groups>
    </groups>
    <test started-at="2025-09-04T17:38:50 IST" name="Test" finished-at="2025-09-04T17:39:34 IST" duration-ms="44486">
      <class name="tc_Tr.UserProfile_Tr">
        <test-method is-config="true" signature="signUp(java.lang.String)[pri:0, instance:tc_Tr.UserProfile_Tr@78365cfa]" started-at="2025-09-04T17:38:50 IST" name="signUp" finished-at="2025-09-04T17:38:59 IST" duration-ms="9040" status="PASS">
          <params>
            <param index="0">
              <value>
                <![CDATA[chrome]]>
              </value>
            </param>
          </params>
          <reporter-output>
          </reporter-output>
        </test-method> <!-- signUp -->
        <test-method signature="logInDetails()[pri:1, instance:tc_Tr.UserProfile_Tr@78365cfa]" started-at="2025-09-04T17:38:59 IST" name="logInDetails" finished-at="2025-09-04T17:39:00 IST" duration-ms="821" status="PASS">
          <reporter-output>
          </reporter-output>
        </test-method> <!-- logInDetails -->
        <test-method signature="editProfile()[pri:2, instance:tc_Tr.UserProfile_Tr@78365cfa]" started-at="2025-09-04T17:39:00 IST" name="editProfile" finished-at="2025-09-04T17:39:34 IST" depends-on-methods="tc_Tr.UserProfile_Tr.logInDetails" duration-ms="34260" status="PASS">
          <reporter-output>
          </reporter-output>
        </test-method> <!-- editProfile -->
      </class> <!-- tc_Tr.UserProfile_Tr -->
    </test> <!-- Test -->
  </suite> <!-- Suite -->
</testng-results>
