<?xml version="1.0" encoding="UTF-8"?>
<testng-results ignored="0" total="2" passed="2" failed="0" skipped="0">
  <reporter-output>
  </reporter-output>
  <suite started-at="2025-09-08T15:31:57 IST" name="Suite" finished-at="2025-09-08T15:33:01 IST" duration-ms="64221">
    <groups>
    </groups>
    <test started-at="2025-09-08T15:31:57 IST" name="Test" finished-at="2025-09-08T15:33:01 IST" duration-ms="64221">
      <class name="tc_Tr.MyBookings_Tr">
        <test-method is-config="true" signature="signUp(java.lang.String)[pri:0, instance:tc_Tr.MyBookings_Tr@64a8c844]" started-at="2025-09-08T15:31:57 IST" name="signUp" finished-at="2025-09-08T15:32:05 IST" duration-ms="8156" status="PASS">
          <params>
            <param index="0">
              <value>
                <![CDATA[chrome]]>
              </value>
            </param>
          </params>
          <reporter-output>
          </reporter-output>
        </test-method> <!-- signUp -->
        <test-method signature="logInDetails()[pri:1, instance:tc_Tr.MyBookings_Tr@64a8c844]" started-at="2025-09-08T15:32:05 IST" name="logInDetails" finished-at="2025-09-08T15:32:06 IST" duration-ms="719" status="PASS">
          <reporter-output>
          </reporter-output>
        </test-method> <!-- logInDetails -->
        <test-method signature="userBookings()[pri:2, instance:tc_Tr.MyBookings_Tr@64a8c844]" started-at="2025-09-08T15:32:06 IST" name="userBookings" finished-at="2025-09-08T15:33:01 IST" depends-on-methods="tc_Tr.MyBookings_Tr.logInDetails" duration-ms="55019" status="PASS">
          <reporter-output>
          </reporter-output>
        </test-method> <!-- userBookings -->
      </class> <!-- tc_Tr.MyBookings_Tr -->
    </test> <!-- Test -->
  </suite> <!-- Suite -->
</testng-results>
