<?xml version="1.0" encoding="UTF-8"?>
<testng-results ignored="0" total="5" passed="5" failed="0" skipped="0">
  <reporter-output>
  </reporter-output>
  <suite started-at="2025-12-01T17:38:09 IST" name="Suite" finished-at="2025-12-01T17:39:48 IST" duration-ms="99507">
    <groups>
    </groups>
    <test started-at="2025-12-01T17:38:09 IST" name="Test" finished-at="2025-12-01T17:39:48 IST" duration-ms="99507">
      <class name="tc_Tr.DataProviderUtility_Tr">
        <test-method is-config="true" signature="signUp(java.lang.String)[pri:0, instance:tc_Tr.DataProviderUtility_Tr@5c10f1c3]" started-at="2025-12-01T17:38:09 IST" name="signUp" finished-at="2025-12-01T17:38:12 IST" duration-ms="3011" status="PASS">
          <params>
            <param index="0">
              <value>
                <![CDATA[chrome]]>
              </value>
            </param>
          </params>
          <reporter-output>
          </reporter-output>
        </test-method> <!-- signUp -->
        <test-method signature="logInTR(java.lang.String,java.lang.String,java.lang.String)[pri:0, instance:tc_Tr.DataProviderUtility_Tr@5c10f1c3]" started-at="2025-12-01T17:38:15 IST" name="logInTR" data-provider="DP" finished-at="2025-12-01T17:38:35 IST" duration-ms="20205" status="PASS">
          <params>
            <param index="0">
              <value>
                <![CDATA[user7@yopmail.com]]>
              </value>
            </param>
            <param index="1">
              <value>
                <![CDATA[Test@123]]>
              </value>
            </param>
            <param index="2">
              <value>
                <![CDATA[Invalid]]>
              </value>
            </param>
          </params>
          <reporter-output>
          </reporter-output>
        </test-method> <!-- logInTR -->
        <test-method signature="logInTR(java.lang.String,java.lang.String,java.lang.String)[pri:0, instance:tc_Tr.DataProviderUtility_Tr@5c10f1c3]" started-at="2025-12-01T17:38:35 IST" name="logInTR" data-provider="DP" finished-at="2025-12-01T17:38:55 IST" duration-ms="20286" status="PASS">
          <params>
            <param index="0">
              <value>
                <![CDATA[user22@yopmail.com]]>
              </value>
            </param>
            <param index="1">
              <value>
                <![CDATA[Test@123]]>
              </value>
            </param>
            <param index="2">
              <value>
                <![CDATA[Invalid]]>
              </value>
            </param>
          </params>
          <reporter-output>
          </reporter-output>
        </test-method> <!-- logInTR -->
        <test-method signature="logInTR(java.lang.String,java.lang.String,java.lang.String)[pri:0, instance:tc_Tr.DataProviderUtility_Tr@5c10f1c3]" started-at="2025-12-01T17:38:55 IST" name="logInTR" data-provider="DP" finished-at="2025-12-01T17:39:12 IST" duration-ms="16443" status="PASS">
          <params>
            <param index="0">
              <value>
                <![CDATA[user23@yopmail.com]]>
              </value>
            </param>
            <param index="1">
              <value>
                <![CDATA[Test@123]]>
              </value>
            </param>
            <param index="2">
              <value>
                <![CDATA[Valid]]>
              </value>
            </param>
          </params>
          <reporter-output>
          </reporter-output>
        </test-method> <!-- logInTR -->
        <test-method signature="logInTR(java.lang.String,java.lang.String,java.lang.String)[pri:0, instance:tc_Tr.DataProviderUtility_Tr@5c10f1c3]" started-at="2025-12-01T17:39:12 IST" name="logInTR" data-provider="DP" finished-at="2025-12-01T17:39:32 IST" duration-ms="20191" status="PASS">
          <params>
            <param index="0">
              <value>
                <![CDATA[heet.n@inheritx.com]]>
              </value>
            </param>
            <param index="1">
              <value>
                <![CDATA[Test@123]]>
              </value>
            </param>
            <param index="2">
              <value>
                <![CDATA[Invalid]]>
              </value>
            </param>
          </params>
          <reporter-output>
          </reporter-output>
        </test-method> <!-- logInTR -->
        <test-method signature="logInTR(java.lang.String,java.lang.String,java.lang.String)[pri:0, instance:tc_Tr.DataProviderUtility_Tr@5c10f1c3]" started-at="2025-12-01T17:39:32 IST" name="logInTR" data-provider="DP" finished-at="2025-12-01T17:39:48 IST" duration-ms="16467" status="PASS">
          <params>
            <param index="0">
              <value>
                <![CDATA[tourwitqa@yopmail.com]]>
              </value>
            </param>
            <param index="1">
              <value>
                <![CDATA[Test@123]]>
              </value>
            </param>
            <param index="2">
              <value>
                <![CDATA[Valid]]>
              </value>
            </param>
          </params>
          <reporter-output>
          </reporter-output>
        </test-method> <!-- logInTR -->
      </class> <!-- tc_Tr.DataProviderUtility_Tr -->
    </test> <!-- Test -->
  </suite> <!-- Suite -->
</testng-results>
