<?xml version="1.0" encoding="UTF-8"?>
<testng-results ignored="0" total="4" passed="4" failed="0" skipped="0">
  <reporter-output>
  </reporter-output>
  <suite started-at="2025-10-31T12:40:09 IST" name="Suite" finished-at="2025-10-31T12:40:54 IST" duration-ms="45913">
    <groups>
    </groups>
    <test started-at="2025-10-31T12:40:09 IST" name="Test" finished-at="2025-10-31T12:40:54 IST" duration-ms="45913">
      <class name="tc_Tr.ResetPassword_Tr">
        <test-method is-config="true" signature="signUp(java.lang.String)[pri:0, instance:tc_Tr.ResetPassword_Tr@64a8c844]" started-at="2025-10-31T12:40:09 IST" name="signUp" finished-at="2025-10-31T12:40:12 IST" duration-ms="3499" status="PASS">
          <params>
            <param index="0">
              <value>
                <![CDATA[chrome]]>
              </value>
            </param>
          </params>
          <reporter-output>
          </reporter-output>
        </test-method> <!-- signUp -->
        <test-method signature="logInDetails()[pri:1, instance:tc_Tr.ResetPassword_Tr@64a8c844]" started-at="2025-10-31T12:40:12 IST" name="logInDetails" finished-at="2025-10-31T12:40:18 IST" duration-ms="5846" status="PASS">
          <reporter-output>
          </reporter-output>
        </test-method> <!-- logInDetails -->
        <test-method signature="resetPassword()[pri:2, instance:tc_Tr.ResetPassword_Tr@64a8c844]" started-at="2025-10-31T12:40:18 IST" name="resetPassword" finished-at="2025-10-31T12:40:47 IST" depends-on-methods="tc_Tr.ResetPassword_Tr.logInDetails" duration-ms="28961" status="PASS">
          <reporter-output>
          </reporter-output>
        </test-method> <!-- resetPassword -->
        <test-method signature="logout()[pri:3, instance:tc_Tr.ResetPassword_Tr@64a8c844]" started-at="2025-10-31T12:40:47 IST" name="logout" finished-at="2025-10-31T12:40:51 IST" depends-on-methods="tc_Tr.ResetPassword_Tr.logInDetails" duration-ms="3404" status="PASS">
          <reporter-output>
          </reporter-output>
        </test-method> <!-- logout -->
        <test-method signature="logInAfterResetPassword()[pri:4, instance:tc_Tr.ResetPassword_Tr@64a8c844]" started-at="2025-10-31T12:40:51 IST" name="logInAfterResetPassword" finished-at="2025-10-31T12:40:54 IST" depends-on-methods="tc_Tr.ResetPassword_Tr.logout" duration-ms="3818" status="PASS">
          <reporter-output>
          </reporter-output>
        </test-method> <!-- logInAfterResetPassword -->
      </class> <!-- tc_Tr.ResetPassword_Tr -->
    </test> <!-- Test -->
  </suite> <!-- Suite -->
</testng-results>
