<?xml version="1.0" encoding="UTF-8"?>
<testng-results ignored="0" total="3" passed="2" failed="1" skipped="0">
  <reporter-output>
  </reporter-output>
  <suite started-at="2025-09-19T11:19:31 IST" name="Suite" finished-at="2025-09-19T11:20:22 IST" duration-ms="51242">
    <groups>
    </groups>
    <test started-at="2025-09-19T11:19:31 IST" name="Test" finished-at="2025-09-19T11:20:22 IST" duration-ms="51242">
      <class name="tc_Tr.Forums_Tr">
        <test-method is-config="true" signature="signUp(java.lang.String)[pri:0, instance:tc_Tr.Forums_Tr@78365cfa]" started-at="2025-09-19T11:19:31 IST" name="signUp" finished-at="2025-09-19T11:19:41 IST" duration-ms="9968" status="PASS">
          <params>
            <param index="0">
              <value>
                <![CDATA[chrome]]>
              </value>
            </param>
          </params>
          <reporter-output>
          </reporter-output>
        </test-method> <!-- signUp -->
        <test-method signature="logInDetails()[pri:1, instance:tc_Tr.Forums_Tr@78365cfa]" started-at="2025-09-19T11:19:41 IST" name="logInDetails" finished-at="2025-09-19T11:19:51 IST" duration-ms="9504" status="PASS">
          <reporter-output>
          </reporter-output>
        </test-method> <!-- logInDetails -->
        <test-method signature="followCategory()[pri:7, instance:tc_Tr.Forums_Tr@78365cfa]" started-at="2025-09-19T11:19:51 IST" name="followCategory" finished-at="2025-09-19T11:20:16 IST" depends-on-methods="tc_Tr.Forums_Tr.logInDetails" duration-ms="25323" status="PASS">
          <reporter-output>
          </reporter-output>
        </test-method> <!-- followCategory -->
        <test-method signature="categoryFilter()[pri:9, instance:tc_Tr.Forums_Tr@78365cfa]" started-at="2025-09-19T11:20:16 IST" name="categoryFilter" finished-at="2025-09-19T11:20:22 IST" depends-on-methods="tc_Tr.Forums_Tr.logInDetails" duration-ms="6146" status="FAIL">
          <exception class="java.lang.AssertionError">
            <message>
              <![CDATA[It is failed due to:element click intercepted: Element is not clickable at point (1005, -48)
  (Session info: chrome=140.0.7339.128)
Build info: version: '4.32.0', revision: 'd17c8aa950'
System info: os.name: 'Windows 11', os.arch: 'amd64', os.version: '10.0', java.version: '21.0.7'
Driver info: org.openqa.selenium.chrome.ChromeDriver
Command: [89b80ef48870ea5970236f93b40f32f3, clickElement {id=f.E2B3B6884E99583D1B7C75B4B916A92D.d.D2DD155DA93597E07D6E5288684DAB3A.e.166}]
Capabilities {acceptInsecureCerts: false, browserName: chrome, browserVersion: 140.0.7339.128, chrome: {chromedriverVersion: 140.0.7339.185 (eeea00e459e..., userDataDir: C:\Users\INX\AppData\Local\...}, fedcm:accounts: true, goog:chromeOptions: {debuggerAddress: localhost:52634}, networkConnectionEnabled: false, pageLoadStrategy: normal, platformName: windows, proxy: Proxy(), se:cdp: ws://localhost:52634/devtoo..., se:cdpVersion: 140.0.7339.128, setWindowRect: true, strictFileInteractability: false, timeouts: {implicit: 0, pageLoad: 300000, script: 30000}, unhandledPromptBehavior: dismiss and notify, webauthn:extension:credBlob: true, webauthn:extension:largeBlob: true, webauthn:extension:minPinLength: true, webauthn:extension:prf: true, webauthn:virtualAuthenticators: true}
Element: [[ChromeDriver: chrome on windows (89b80ef48870ea5970236f93b40f32f3)] -> xpath: //a[normalize-space()='Forum']]
Session ID: 89b80ef48870ea5970236f93b40f32f3]]>
            </message>
            <full-stacktrace>
              <![CDATA[java.lang.AssertionError: It is failed due to:element click intercepted: Element is not clickable at point (1005, -48)
  (Session info: chrome=140.0.7339.128)
Build info: version: '4.32.0', revision: 'd17c8aa950'
System info: os.name: 'Windows 11', os.arch: 'amd64', os.version: '10.0', java.version: '21.0.7'
Driver info: org.openqa.selenium.chrome.ChromeDriver
Command: [89b80ef48870ea5970236f93b40f32f3, clickElement {id=f.E2B3B6884E99583D1B7C75B4B916A92D.d.D2DD155DA93597E07D6E5288684DAB3A.e.166}]
Capabilities {acceptInsecureCerts: false, browserName: chrome, browserVersion: 140.0.7339.128, chrome: {chromedriverVersion: 140.0.7339.185 (eeea00e459e..., userDataDir: C:\Users\INX\AppData\Local\...}, fedcm:accounts: true, goog:chromeOptions: {debuggerAddress: localhost:52634}, networkConnectionEnabled: false, pageLoadStrategy: normal, platformName: windows, proxy: Proxy(), se:cdp: ws://localhost:52634/devtoo..., se:cdpVersion: 140.0.7339.128, setWindowRect: true, strictFileInteractability: false, timeouts: {implicit: 0, pageLoad: 300000, script: 30000}, unhandledPromptBehavior: dismiss and notify, webauthn:extension:credBlob: true, webauthn:extension:largeBlob: true, webauthn:extension:minPinLength: true, webauthn:extension:prf: true, webauthn:virtualAuthenticators: true}
Element: [[ChromeDriver: chrome on windows (89b80ef48870ea5970236f93b40f32f3)] -> xpath: //a[normalize-space()='Forum']]
Session ID: 89b80ef48870ea5970236f93b40f32f3
at org.testng.Assert.fail(Assert.java:111)
at tc_Tr.Forums_Tr.categoryFilter(Forums_Tr.java:368)
at java.base/jdk.internal.reflect.DirectMethodHandleAccessor.invoke(DirectMethodHandleAccessor.java:103)
at java.base/java.lang.reflect.Method.invoke(Method.java:580)
at org.testng.internal.invokers.MethodInvocationHelper.invokeMethod(MethodInvocationHelper.java:139)
at org.testng.internal.invokers.TestInvoker.invokeMethod(TestInvoker.java:664)
at org.testng.internal.invokers.TestInvoker.invokeTestMethod(TestInvoker.java:228)
at org.testng.internal.invokers.MethodRunner.runInSequence(MethodRunner.java:63)
at org.testng.internal.invokers.TestInvoker$MethodInvocationAgent.invoke(TestInvoker.java:961)
at org.testng.internal.invokers.TestInvoker.invokeTestMethods(TestInvoker.java:201)
at org.testng.internal.invokers.TestMethodWorker.invokeTestMethods(TestMethodWorker.java:148)
at org.testng.internal.invokers.TestMethodWorker.run(TestMethodWorker.java:128)
at java.base/java.util.ArrayList.forEach(ArrayList.java:1596)
at org.testng.TestRunner.privateRun(TestRunner.java:819)
at org.testng.TestRunner.run(TestRunner.java:619)
at org.testng.SuiteRunner.runTest(SuiteRunner.java:443)
at org.testng.SuiteRunner.runSequentially(SuiteRunner.java:437)
at org.testng.SuiteRunner.privateRun(SuiteRunner.java:397)
at org.testng.SuiteRunner.run(SuiteRunner.java:336)
at org.testng.SuiteRunnerWorker.runSuite(SuiteRunnerWorker.java:52)
at org.testng.SuiteRunnerWorker.run(SuiteRunnerWorker.java:95)
at org.testng.TestNG.runSuitesSequentially(TestNG.java:1301)
at org.testng.TestNG.runSuitesLocally(TestNG.java:1228)
at org.testng.TestNG.runSuites(TestNG.java:1134)
at org.testng.TestNG.run(TestNG.java:1101)
at org.testng.remote.AbstractRemoteTestNG.run(AbstractRemoteTestNG.java:115)
at org.testng.remote.RemoteTestNG.initAndRun(RemoteTestNG.java:293)
at org.testng.remote.RemoteTestNG.main(RemoteTestNG.java:91)
]]>
            </full-stacktrace>
          </exception> <!-- java.lang.AssertionError -->
          <reporter-output>
          </reporter-output>
        </test-method> <!-- categoryFilter -->
      </class> <!-- tc_Tr.Forums_Tr -->
    </test> <!-- Test -->
  </suite> <!-- Suite -->
</testng-results>
