<?xml version="1.0" encoding="UTF-8"?>
<testng-results ignored="0" total="3" passed="3" failed="0" skipped="0">
  <reporter-output>
  </reporter-output>
  <suite started-at="2025-09-24T13:02:19 IST" name="Suite" finished-at="2025-09-24T13:03:03 IST" duration-ms="43767">
    <groups>
    </groups>
    <test started-at="2025-09-24T13:02:19 IST" name="Test" finished-at="2025-09-24T13:03:03 IST" duration-ms="43767">
      <class name="tc_Tr.Forums_Tr">
        <test-method is-config="true" signature="signUp(java.lang.String)[pri:0, instance:tc_Tr.Forums_Tr@78365cfa]" started-at="2025-09-24T13:02:20 IST" name="signUp" finished-at="2025-09-24T13:02:28 IST" duration-ms="8433" status="PASS">
          <params>
            <param index="0">
              <value>
                <![CDATA[chrome]]>
              </value>
            </param>
          </params>
          <reporter-output>
          </reporter-output>
        </test-method> <!-- signUp -->
        <test-method signature="logInDetails()[pri:1, instance:tc_Tr.Forums_Tr@78365cfa]" started-at="2025-09-24T13:02:28 IST" name="logInDetails" finished-at="2025-09-24T13:02:38 IST" duration-ms="9646" status="PASS">
          <reporter-output>
          </reporter-output>
        </test-method> <!-- logInDetails -->
        <test-method signature="followCategory()[pri:7, instance:tc_Tr.Forums_Tr@78365cfa]" started-at="2025-09-24T13:02:38 IST" name="followCategory" finished-at="2025-09-24T13:03:02 IST" depends-on-methods="tc_Tr.Forums_Tr.logInDetails" duration-ms="23956" status="PASS">
          <reporter-output>
          </reporter-output>
        </test-method> <!-- followCategory -->
        <test-method signature="subScribeNewsLetter()[pri:8, instance:tc_Tr.Forums_Tr@78365cfa]" started-at="2025-09-24T13:03:02 IST" name="subScribeNewsLetter" finished-at="2025-09-24T13:03:03 IST" depends-on-methods="tc_Tr.Forums_Tr.logInDetails" duration-ms="1367" status="PASS">
          <reporter-output>
          </reporter-output>
        </test-method> <!-- subScribeNewsLetter -->
      </class> <!-- tc_Tr.Forums_Tr -->
    </test> <!-- Test -->
  </suite> <!-- Suite -->
</testng-results>
