<?xml version="1.0" encoding="UTF-8"?>
<!-- Generated by org.testng.reporters.JUnitReportReporter -->
<testsuite hostname="DhruvPrajapati" failures="0" tests="4" name="tc_Tr.DataProviderLogIn_Tr" time="99.941" errors="0" timestamp="2025-12-01T17:34:52 IST" skipped="0">
  <testcase classname="tc_Tr.DataProviderLogIn_Tr" name="login" time="33.304"/>
  <testcase classname="tc_Tr.DataProviderLogIn_Tr" name="login" time="16.517"/>
  <testcase classname="tc_Tr.DataProviderLogIn_Tr" name="login" time="16.142"/>
  <testcase classname="tc_Tr.DataProviderLogIn_Tr" name="login" time="33.978"/>
</testsuite> <!-- tc_Tr.DataProviderLogIn_Tr -->
