<?xml version="1.0" encoding="UTF-8"?>
<!-- Generated by org.testng.reporters.JUnitReportReporter -->
<testsuite hostname="DhruvPrajapati" failures="0" tests="5" name="tc_Tr.DataProviderUtility_Tr" time="93.592" errors="0" timestamp="2025-12-01T17:39:51 IST" skipped="0">
  <testcase classname="tc_Tr.DataProviderUtility_Tr" name="logInTR" time="16.443"/>
  <testcase classname="tc_Tr.DataProviderUtility_Tr" name="logInTR" time="16.467"/>
  <testcase classname="tc_Tr.DataProviderUtility_Tr" name="logInTR" time="20.286"/>
  <testcase classname="tc_Tr.DataProviderUtility_Tr" name="logInTR" time="20.191"/>
  <testcase classname="tc_Tr.DataProviderUtility_Tr" name="logInTR" time="20.205"/>
</testsuite> <!-- tc_Tr.DataProviderUtility_Tr -->
